<?xml version="1.0" encoding="UTF-8"?>
<!-- Generated by org.testng.reporters.JUnitXMLReporter -->
<testsuite ignored="0" hostname="11167-lap-0785" failures="0" tests="1" name="Default test" time="0.05" errors="0" timestamp="2023-02-17T11:33:33 IST">
  <testcase classname="project.utility.ConfigurationSetup" name="@BeforeSuite preRequisite" time="-1.676613813157E9">
    <failure type="org.testng.TestNGException" message="
Parameter &amp;apos;Suite Type&amp;apos; is required by BeforeSuite on method preRequisite but has not been marked @Optional or defined
in C:\Users\coditas\AppData\Local\Temp\testng-eclipse-1233313317\testng-customsuite.xml">
      <![CDATA[org.testng.TestNGException: 
Parameter 'Suite Type' is required by BeforeSuite on method preRequisite but has not been marked @Optional or defined
in C:\Users\coditas\AppData\Local\Temp\testng-eclipse-1233313317\testng-customsuite.xml
at org.testng.internal.Parameters.createParams(Parameters.java:270)
at org.testng.internal.Parameters.createParametersForMethod(Parameters.java:358)
at org.testng.internal.Parameters.createParameters(Parameters.java:700)
at org.testng.internal.Parameters.createConfigurationParameters(Parameters.java:168)
at org.testng.internal.ConfigInvoker.invokeConfigurations(ConfigInvoker.java:302)
at org.testng.SuiteRunner.privateRun(SuiteRunner.java:317)
at org.testng.SuiteRunner.run(SuiteRunner.java:276)
at org.testng.SuiteRunnerWorker.runSuite(SuiteRunnerWorker.java:53)
at org.testng.SuiteRunnerWorker.run(SuiteRunnerWorker.java:96)
at org.testng.TestNG.runSuitesSequentially(TestNG.java:1212)
at org.testng.TestNG.runSuitesLocally(TestNG.java:1134)
at org.testng.TestNG.runSuites(TestNG.java:1063)
at org.testng.TestNG.run(TestNG.java:1031)
at org.testng.remote.AbstractRemoteTestNG.run(AbstractRemoteTestNG.java:115)
at org.testng.remote.RemoteTestNG.initAndRun(RemoteTestNG.java:251)
at org.testng.remote.RemoteTestNG.main(RemoteTestNG.java:77)
]]>
    </failure>
  </testcase> <!-- @BeforeSuite preRequisite -->
  <testcase classname="project.APITestScenario.ArchivedDrivers" name="@BeforeMethod initialise" time="-1.676613813208E9">
    <skipped/>
  </testcase> <!-- @BeforeMethod initialise -->
  <testcase classname="project.APITestScenario.ArchivedDrivers" name="GETArchivedDrivers" time="0.0">
    <skipped/>
  </testcase> <!-- GETArchivedDrivers -->
</testsuite> <!-- Default test -->
