<?xml version="1.0" encoding="UTF-8"?>
<!-- Generated by org.testng.reporters.JUnitXMLReporter -->
<testsuite ignored="4" hostname="ANagarkar-LAP-0785" failures="1" tests="9" name="TruckX Test Automation" time="485.263" errors="0" timestamp="2022-09-14T15:54:42 IST">
  <testcase classname="project.testscenarios.LoginScript" name="ConfigurationSetup" time="0.011"/>
  <testcase classname="project.testscenarios.LoginScript" name="blankUserNameandPassword" time="5.974"/>
  <testcase classname="project.testscenarios.LoginScript" name="inValidUserNameandPassword" time="5.489"/>
  <testcase classname="project.testscenarios.LoginScript" name="validUserNameandPassword" time="70.38">
    <failure type="org.openqa.selenium.TimeoutException" message="Expected condition failed: waiting for visibility of element located by By.xpath: //div[@class=&amp;quot;driver-details&amp;quot;] (tried for 60 second(s) with 1000 milliseconds interval)">
      <![CDATA[org.openqa.selenium.TimeoutException: Expected condition failed: waiting for visibility of element located by By.xpath: //div[@class="driver-details"] (tried for 60 second(s) with 1000 milliseconds interval)
at org.openqa.selenium.support.ui.FluentWait.timeoutException(FluentWait.java:304)
at org.openqa.selenium.support.ui.FluentWait.until(FluentWait.java:272)
at project.webpages.WebPageLogin.validate(WebPageLogin.java:120)
at project.testscenarios.LoginScript.validUserNameandPassword(LoginScript.java:71)
at java.base/java.util.ArrayList.forEach(ArrayList.java:1511)
Caused by: org.openqa.selenium.NoSuchElementException: no such element: Unable to locate element: {"method":"xpath","selector":"//div[@class="driver-details"]"}
  (Session info: chrome=105.0.5195.102)
For documentation on this error, please visit: https://www.seleniumhq.org/exceptions/no_such_element.html
Build info: version: '3.141.59', revision: 'e82be7d358', time: '2018-11-14T08:17:03'
System info: host: 'ANAGARKAR-LAP-0', ip: '192.168.1.207', os.name: 'Windows 10', os.arch: 'amd64', os.version: '10.0', java.version: '17.0.3'
Driver info: org.openqa.selenium.chrome.ChromeDriver
Capabilities {acceptInsecureCerts: false, browserName: chrome, browserVersion: 105.0.5195.102, chrome: {chromedriverVersion: 105.0.5195.52 (412c95e51883..., userDataDir: C:\Users\coditas\AppData\Lo...}, goog:chromeOptions: {debuggerAddress: localhost:58953}, javascriptEnabled: true, networkConnectionEnabled: false, pageLoadStrategy: normal, platform: WINDOWS, platformName: WINDOWS, proxy: Proxy(), setWindowRect: true, strictFileInteractability: false, timeouts: {implicit: 0, pageLoad: 300000, script: 30000}, unhandledPromptBehavior: dismiss and notify, webauthn:extension:credBlob: true, webauthn:extension:largeBlob: true, webauthn:virtualAuthenticators: true}
Session ID: 4f5e9f970a1ac13fc0e9fc4a867a0158
*** Element info: {Using=xpath, value=//div[@class="driver-details"]}
at org.openqa.selenium.remote.http.W3CHttpResponseCodec.createException(W3CHttpResponseCodec.java:187)
at org.openqa.selenium.remote.http.W3CHttpResponseCodec.decode(W3CHttpResponseCodec.java:122)
at org.openqa.selenium.remote.http.W3CHttpResponseCodec.decode(W3CHttpResponseCodec.java:49)
at org.openqa.selenium.remote.HttpCommandExecutor.execute(HttpCommandExecutor.java:158)
at org.openqa.selenium.remote.service.DriverCommandExecutor.execute(DriverCommandExecutor.java:83)
at org.openqa.selenium.remote.RemoteWebDriver.execute(RemoteWebDriver.java:552)
at org.openqa.selenium.remote.RemoteWebDriver.findElement(RemoteWebDriver.java:323)
at org.openqa.selenium.remote.RemoteWebDriver.findElementByXPath(RemoteWebDriver.java:428)
at org.openqa.selenium.By$ByXPath.findElement(By.java:353)
at org.openqa.selenium.remote.RemoteWebDriver.findElement(RemoteWebDriver.java:315)
at org.openqa.selenium.support.ui.ExpectedConditions$7.apply(ExpectedConditions.java:205)
at org.openqa.selenium.support.ui.ExpectedConditions$7.apply(ExpectedConditions.java:201)
at org.openqa.selenium.support.ui.FluentWait.until(FluentWait.java:249)
... 30 more
... Removed 32 stack frames]]>
    </failure>
  </testcase> <!-- validUserNameandPassword -->
  <testcase classname="project.testscenarios.DashboardScript" name="navigatingTrucksPage" time="0.253"/>
  <testcase classname="project.testscenarios.TruckScript" name="CreatingNewTruck" time="23.095"/>
  <testcase classname="project.testscenarios.TruckScript" name="SearchTruckOnDashboard" time="14.721"/>
  <testcase classname="project.testscenarios.TruckScript" name="VerifyTruckOnDashboard" time="20.563"/>
  <testcase classname="project.testscenarios.TruckScript" name="VerifyTruckOnVehicleDetails" time="344.422"/>
  <testcase classname="project.utility.ConfigurationSetup" name="@BeforeSuite preRequisite" time="0.0">
    <ignored/>
  </testcase> <!-- @BeforeSuite preRequisite -->
  <testcase classname="project.utility.ConfigurationSetup" name="@BeforeSuite preRequisite" time="0.0">
    <ignored/>
  </testcase> <!-- @BeforeSuite preRequisite -->
  <testcase classname="project.utility.ConfigurationSetup" name="@AfterSuite closeBrowser" time="0.0">
    <ignored/>
  </testcase> <!-- @AfterSuite closeBrowser -->
  <testcase classname="project.utility.ConfigurationSetup" name="@AfterSuite closeBrowser" time="0.0">
    <ignored/>
  </testcase> <!-- @AfterSuite closeBrowser -->
</testsuite> <!-- TruckX Test Automation -->
