<!DOCTYPE html PUBLIC "-//W3C//DTD XHTML 1.1//EN" "https://www.w3.org/TR/xhtml11/DTD/xhtml11.dtd">
<html xmlns="https://www.w3.org/1999/xhtml">
<head>
<meta http-equiv="content-type" content="text/html; charset=UTF-8"/>
<title>TestNG Report</title>
<style type="text/css">table {margin-bottom:10px;border-collapse:collapse;empty-cells:show}th,td {border:1px solid #009;padding:.25em .5em}th {vertical-align:bottom}td {vertical-align:top}table a {font-weight:bold}.stripe td {background-color: #E6EBF9}.num {text-align:right}.passedodd td {background-color: #3F3}.passedeven td {background-color: #0A0}.skippedodd td {background-color: #DDD}.skippedeven td {background-color: #CCC}.failedodd td,.attn {background-color: #F33}.failedeven td,.stripe .attn {background-color: #D00}.stacktrace {white-space:pre;font-family:monospace}.totop {font-size:85%;text-align:center;border-bottom:2px solid #000}.invisible {display:none}</style>
</head>
<body>
<table>
<tr><th>Test</th><th># Passed</th><th># Skipped</th><th># Retried</th><th># Failed</th><th>Time (ms)</th><th>Included Groups</th><th>Excluded Groups</th></tr>
<tr><th colspan="8">Test Suite</th></tr>
<tr><td><a href="#t0">TruckX Test Automation</a></td><td class="num">7</td><td class="num attn">1</td><td class="num">0</td><td class="num attn">4</td><td class="num">355,546</td><td></td><td></td></tr>
</table>
<table id='summary'><thead><tr><th>Class</th><th>Method</th><th>Start</th><th>Time (ms)</th></tr></thead><tbody><tr><th colspan="4">Test Suite</th></tr></tbody><tbody id="t0"><tr><th colspan="4">TruckX Test Automation &#8212; failed</th></tr><tr class="failedeven"><td rowspan="4">project.testscenarios.TrailerScript</td><td><a href="#m0">ActivateTrailer</a></td><td rowspan="1">1672921205023</td><td rowspan="1">62451</td></tr><tr class="failedeven"><td><a href="#m1">ActivateTruck</a></td><td rowspan="1">1672921324192</td><td rowspan="1">17337</td></tr><tr class="failedeven"><td><a href="#m2">AssignTrailer</a></td><td rowspan="1">1672921017618</td><td rowspan="1">97738</td></tr><tr class="failedeven"><td><a href="#m3">DeleteTruck</a></td><td rowspan="1">1672921268793</td><td rowspan="1">42516</td></tr><tr><th colspan="4">TruckX Test Automation &#8212; skipped</th></tr><tr class="skippedeven"><td rowspan="1">project.testscenarios.TrailerScript</td><td><a href="#m4">UnAssignTrailer</a></td><td rowspan="1">1672921118489</td><td rowspan="1">0</td></tr><tr><th colspan="4">TruckX Test Automation &#8212; passed</th></tr><tr class="passedeven"><td rowspan="1">project.testscenarios.LoginScript</td><td><a href="#m5">validUserNameandPassword</a></td><td rowspan="1">1672920987076</td><td rowspan="1">6096</td></tr><tr class="passedodd"><td rowspan="6">project.testscenarios.TrailerScript</td><td><a href="#m6">DeleteTrailer</a></td><td rowspan="1">1672921140228</td><td rowspan="1">52993</td></tr><tr class="passedodd"><td><a href="#m7">EditTrailer</a></td><td rowspan="1">1672921118491</td><td rowspan="1">21735</td></tr><tr class="passedodd"><td><a href="#m8">NavigatingDeletedTrailerPage</a></td><td rowspan="1">1672921193226</td><td rowspan="1">11794</td></tr><tr class="passedodd"><td><a href="#m9">NavigatingDeletedTruckPage</a></td><td rowspan="1">1672921312325</td><td rowspan="1">11864</td></tr><tr class="passedodd"><td><a href="#m10">NavigatingTrailerPage</a></td><td rowspan="1">1672920993177</td><td rowspan="1">2159</td></tr><tr class="passedodd"><td><a href="#m11">NewTrailer</a></td><td rowspan="1">1672920995339</td><td rowspan="1">22277</td></tr></tbody>
</table>
<h2>TruckX Test Automation</h2><h3 id="m0">project.testscenarios.TrailerScript#ActivateTrailer</h3><table class="result"><tr><th>Exception</th></tr><tr><td><div class="stacktrace">java.lang.AssertionError: Unable to click on Activate Trailer button on Delete Trailer Page
	at project.webpages.WebPageTrailer.ActivateTrailer(WebPageTrailer.java:536)
	at project.testscenarios.TrailerScript.ActivateTrailer(TrailerScript.java:175)
	at java.base/java.util.ArrayList.forEach(ArrayList.java:1511)
... Removed 28 stack frames</div></td></tr></table><p class="totop"><a href="#summary">back to summary</a></p>
<h3 id="m1">project.testscenarios.TrailerScript#ActivateTruck</h3><table class="result"><tr><th>Exception</th></tr><tr><td><div class="stacktrace">java.lang.AssertionError: Unable to click on Activate button on Delete Truck Page
	at project.webpages.WebPageTruck.ActivateTruck(WebPageTruck.java:529)
	at project.testscenarios.TrailerScript.ActivateTruck(TrailerScript.java:236)
	at java.base/java.util.ArrayList.forEach(ArrayList.java:1511)
... Removed 28 stack frames</div></td></tr></table><p class="totop"><a href="#summary">back to summary</a></p>
<h3 id="m2">project.testscenarios.TrailerScript#AssignTrailer</h3><table class="result"><tr><th>Exception</th></tr><tr><td><div class="stacktrace">java.lang.AssertionError: Unable to select truck to Assign Trailer
	at project.webpages.WebPageTrailer.SelectTruckFromDropDown(WebPageTrailer.java:239)
	at project.testscenarios.TrailerScript.AssignTrailer(TrailerScript.java:91)
	at java.base/java.util.ArrayList.forEach(ArrayList.java:1511)
... Removed 28 stack frames</div></td></tr></table><p class="totop"><a href="#summary">back to summary</a></p>
<h3 id="m3">project.testscenarios.TrailerScript#DeleteTruck</h3><table class="result"><tr><th>Exception</th></tr><tr><td><div class="stacktrace">org.openqa.selenium.TimeoutException: Expected condition failed: waiting for visibility of Proxy element for: DefaultElementLocator &apos;By.xpath: //*[name()=&quot;svg&quot; and @class=&quot;w-5 h-5 cursor-pointer text-gray-400 hover:text-blue-primary&quot;]&apos; (tried for 15 second(s) with 500 milliseconds interval)
	at org.openqa.selenium.support.ui.WebDriverWait.timeoutException(WebDriverWait.java:95)
	at org.openqa.selenium.support.ui.FluentWait.until(FluentWait.java:272)
	at project.webpages.WebPageTruck.DeleteTruck(WebPageTruck.java:463)
	at project.testscenarios.TrailerScript.DeleteTruck(TrailerScript.java:209)
	at java.base/java.util.ArrayList.forEach(ArrayList.java:1511)
Caused by: org.openqa.selenium.NoSuchElementException: no such element: Unable to locate element: {&quot;method&quot;:&quot;xpath&quot;,&quot;selector&quot;:&quot;//*[name()=&quot;svg&quot; and @class=&quot;w-5 h-5 cursor-pointer text-gray-400 hover:text-blue-primary&quot;]&quot;}
  (Session info: headless chrome=108.0.5359.125)
For documentation on this error, please visit: https://www.seleniumhq.org/exceptions/no_such_element.html
Build info: version: &apos;3.141.59&apos;, revision: &apos;e82be7d358&apos;, time: &apos;2018-11-14T08:17:03&apos;
System info: host: &apos;ANAGARKAR-LAP-0&apos;, ip: &apos;192.168.3.55&apos;, os.name: &apos;Windows 10&apos;, os.arch: &apos;amd64&apos;, os.version: &apos;10.0&apos;, java.version: &apos;17.0.3&apos;
Driver info: org.openqa.selenium.chrome.ChromeDriver
Capabilities {acceptInsecureCerts: false, browserName: chrome, browserVersion: 108.0.5359.125, chrome: {chromedriverVersion: 108.0.5359.71 (1e0e3868ee06..., userDataDir: C:\Users\coditas\AppData\Lo...}, goog:chromeOptions: {debuggerAddress: localhost:54145}, javascriptEnabled: true, networkConnectionEnabled: false, pageLoadStrategy: normal, platform: WINDOWS, platformName: WINDOWS, proxy: Proxy(), setWindowRect: true, strictFileInteractability: false, timeouts: {implicit: 0, pageLoad: 300000, script: 30000}, unhandledPromptBehavior: dismiss and notify, webauthn:extension:credBlob: true, webauthn:extension:largeBlob: true, webauthn:virtualAuthenticators: true}
Session ID: b45638098cab360bb6ab60461825d189
*** Element info: {Using=xpath, value=//*[name()=&quot;svg&quot; and @class=&quot;w-5 h-5 cursor-pointer text-gray-400 hover:text-blue-primary&quot;]}
	at org.openqa.selenium.remote.http.W3CHttpResponseCodec.createException(W3CHttpResponseCodec.java:187)
	at org.openqa.selenium.remote.http.W3CHttpResponseCodec.decode(W3CHttpResponseCodec.java:122)
	at org.openqa.selenium.remote.http.W3CHttpResponseCodec.decode(W3CHttpResponseCodec.java:49)
	at org.openqa.selenium.remote.HttpCommandExecutor.execute(HttpCommandExecutor.java:158)
	at org.openqa.selenium.remote.service.DriverCommandExecutor.execute(DriverCommandExecutor.java:83)
	at org.openqa.selenium.remote.RemoteWebDriver.execute(RemoteWebDriver.java:552)
	at org.openqa.selenium.remote.RemoteWebDriver.findElement(RemoteWebDriver.java:323)
	at org.openqa.selenium.remote.RemoteWebDriver.findElementByXPath(RemoteWebDriver.java:428)
	at org.openqa.selenium.By$ByXPath.findElement(By.java:353)
	at org.openqa.selenium.remote.RemoteWebDriver.findElement(RemoteWebDriver.java:315)
	at org.openqa.selenium.support.pagefactory.DefaultElementLocator.findElement(DefaultElementLocator.java:69)
	at org.openqa.selenium.support.pagefactory.internal.LocatingElementHandler.invoke(LocatingElementHandler.java:38)
	at jdk.proxy2/jdk.proxy2.$Proxy14.isDisplayed(Unknown Source)
	at org.openqa.selenium.support.ui.ExpectedConditions.elementIfVisible(ExpectedConditions.java:314)
	at org.openqa.selenium.support.ui.ExpectedConditions.access$000(ExpectedConditions.java:43)
	at org.openqa.selenium.support.ui.ExpectedConditions$10.apply(ExpectedConditions.java:300)
	at org.openqa.selenium.support.ui.ExpectedConditions$10.apply(ExpectedConditions.java:297)
	at org.openqa.selenium.support.ui.FluentWait.until(FluentWait.java:249)
	... 30 more
... Removed 32 stack frames</div></td></tr></table><p class="totop"><a href="#summary">back to summary</a></p>
<h3 id="m4">project.testscenarios.TrailerScript#UnAssignTrailer</h3><table class="result"><tr><th>Exception</th></tr><tr><td><div class="stacktrace">java.lang.Throwable: Method TrailerScript.UnAssignTrailer()[pri:4, instance:project.testscenarios.TrailerScript@1cf6d1be] depends on not successfully finished methods
	at java.base/java.util.ArrayList.forEach(ArrayList.java:1511)
... Removed 18 stack frames</div></td></tr></table><p class="totop"><a href="#summary">back to summary</a></p>
<h3 id="m5">project.testscenarios.LoginScript#validUserNameandPassword</h3><table class="result"><tr><th class="invisible"/></tr></table><p class="totop"><a href="#summary">back to summary</a></p>
<h3 id="m6">project.testscenarios.TrailerScript#DeleteTrailer</h3><table class="result"><tr><th class="invisible"/></tr></table><p class="totop"><a href="#summary">back to summary</a></p>
<h3 id="m7">project.testscenarios.TrailerScript#EditTrailer</h3><table class="result"><tr><th class="invisible"/></tr></table><p class="totop"><a href="#summary">back to summary</a></p>
<h3 id="m8">project.testscenarios.TrailerScript#NavigatingDeletedTrailerPage</h3><table class="result"><tr><th class="invisible"/></tr></table><p class="totop"><a href="#summary">back to summary</a></p>
<h3 id="m9">project.testscenarios.TrailerScript#NavigatingDeletedTruckPage</h3><table class="result"><tr><th class="invisible"/></tr></table><p class="totop"><a href="#summary">back to summary</a></p>
<h3 id="m10">project.testscenarios.TrailerScript#NavigatingTrailerPage</h3><table class="result"><tr><th class="invisible"/></tr></table><p class="totop"><a href="#summary">back to summary</a></p>
<h3 id="m11">project.testscenarios.TrailerScript#NewTrailer</h3><table class="result"><tr><th class="invisible"/></tr></table><p class="totop"><a href="#summary">back to summary</a></p>
</body>
</html>
