<?xml version="1.0" encoding="UTF-8"?>
<testng-results ignored="4" total="13" passed="8" failed="1" skipped="0">
  <reporter-output>
  </reporter-output>
  <suite started-at="2022-09-14T15:46:37 IST" name="Test Suite" finished-at="2022-09-14T15:54:42 IST" duration-ms="485263">
    <groups>
    </groups>
    <test started-at="2022-09-14T15:46:37 IST" name="TruckX Test Automation" finished-at="2022-09-14T15:54:42 IST" duration-ms="485263">
      <class name="project.testscenarios.LoginScript">
        <test-method is-config="true" signature="preRequisite(org.testng.ITestContext)[pri:0, instance:project.testscenarios.LoginScript@27406a17]" started-at="2022-09-14T15:46:11 IST" name="preRequisite" finished-at="2022-09-14T15:46:37 IST" duration-ms="26541" status="PASS">
          <params>
            <param index="0">
              <value>
                <![CDATA[org.testng.TestRunner@1ef93e01]]>
              </value>
            </param>
          </params>
          <reporter-output>
          </reporter-output>
        </test-method> <!-- preRequisite -->
        <test-method signature="ConfigurationSetup()[pri:0, instance:project.testscenarios.LoginScript@27406a17]" started-at="2022-09-14T15:46:37 IST" name="ConfigurationSetup" finished-at="2022-09-14T15:46:37 IST" duration-ms="11" status="PASS">
          <reporter-output>
          </reporter-output>
        </test-method> <!-- ConfigurationSetup -->
        <test-method signature="blankUserNameandPassword()[pri:1, instance:project.testscenarios.LoginScript@27406a17]" started-at="2022-09-14T15:46:37 IST" name="blankUserNameandPassword" finished-at="2022-09-14T15:46:43 IST" duration-ms="5974" status="PASS">
          <reporter-output>
          </reporter-output>
        </test-method> <!-- blankUserNameandPassword -->
        <test-method signature="inValidUserNameandPassword()[pri:2, instance:project.testscenarios.LoginScript@27406a17]" started-at="2022-09-14T15:46:43 IST" name="inValidUserNameandPassword" finished-at="2022-09-14T15:46:49 IST" duration-ms="5489" status="PASS">
          <reporter-output>
          </reporter-output>
        </test-method> <!-- inValidUserNameandPassword -->
        <test-method signature="validUserNameandPassword()[pri:3, instance:project.testscenarios.LoginScript@27406a17]" started-at="2022-09-14T15:46:49 IST" name="validUserNameandPassword" finished-at="2022-09-14T15:47:59 IST" duration-ms="70380" status="FAIL">
          <exception class="org.openqa.selenium.TimeoutException">
            <message>
              <![CDATA[Expected condition failed: waiting for visibility of element located by By.xpath: //div[@class="driver-details"] (tried for 60 second(s) with 1000 milliseconds interval)]]>
            </message>
            <full-stacktrace>
              <![CDATA[org.openqa.selenium.TimeoutException: Expected condition failed: waiting for visibility of element located by By.xpath: //div[@class="driver-details"] (tried for 60 second(s) with 1000 milliseconds interval)
at org.openqa.selenium.support.ui.FluentWait.timeoutException(FluentWait.java:304)
at org.openqa.selenium.support.ui.FluentWait.until(FluentWait.java:272)
at project.webpages.WebPageLogin.validate(WebPageLogin.java:120)
at project.testscenarios.LoginScript.validUserNameandPassword(LoginScript.java:71)
at java.base/jdk.internal.reflect.NativeMethodAccessorImpl.invoke0(Native Method)
at java.base/jdk.internal.reflect.NativeMethodAccessorImpl.invoke(NativeMethodAccessorImpl.java:77)
at java.base/jdk.internal.reflect.DelegatingMethodAccessorImpl.invoke(DelegatingMethodAccessorImpl.java:43)
at java.base/java.lang.reflect.Method.invoke(Method.java:568)
at org.testng.internal.MethodInvocationHelper.invokeMethod(MethodInvocationHelper.java:133)
at org.testng.internal.TestInvoker.invokeMethod(TestInvoker.java:598)
at org.testng.internal.TestInvoker.invokeTestMethod(TestInvoker.java:173)
at org.testng.internal.MethodRunner.runInSequence(MethodRunner.java:46)
at org.testng.internal.TestInvoker$MethodInvocationAgent.invoke(TestInvoker.java:824)
at org.testng.internal.TestInvoker.invokeTestMethods(TestInvoker.java:146)
at org.testng.internal.TestMethodWorker.invokeTestMethods(TestMethodWorker.java:146)
at org.testng.internal.TestMethodWorker.run(TestMethodWorker.java:128)
at java.base/java.util.ArrayList.forEach(ArrayList.java:1511)
at org.testng.TestRunner.privateRun(TestRunner.java:794)
at org.testng.TestRunner.run(TestRunner.java:596)
at org.testng.SuiteRunner.runTest(SuiteRunner.java:377)
at org.testng.SuiteRunner.runSequentially(SuiteRunner.java:371)
at org.testng.SuiteRunner.privateRun(SuiteRunner.java:332)
at org.testng.SuiteRunner.run(SuiteRunner.java:276)
at org.testng.SuiteRunnerWorker.runSuite(SuiteRunnerWorker.java:53)
at org.testng.SuiteRunnerWorker.run(SuiteRunnerWorker.java:96)
at org.testng.TestNG.runSuitesSequentially(TestNG.java:1212)
at org.testng.TestNG.runSuitesLocally(TestNG.java:1134)
at org.testng.TestNG.runSuites(TestNG.java:1063)
at org.testng.TestNG.run(TestNG.java:1031)
at org.testng.remote.AbstractRemoteTestNG.run(AbstractRemoteTestNG.java:115)
at org.testng.remote.RemoteTestNG.initAndRun(RemoteTestNG.java:251)
at org.testng.remote.RemoteTestNG.main(RemoteTestNG.java:77)
Caused by: org.openqa.selenium.NoSuchElementException: no such element: Unable to locate element: {"method":"xpath","selector":"//div[@class="driver-details"]"}
  (Session info: chrome=105.0.5195.102)
For documentation on this error, please visit: https://www.seleniumhq.org/exceptions/no_such_element.html
Build info: version: '3.141.59', revision: 'e82be7d358', time: '2018-11-14T08:17:03'
System info: host: 'ANAGARKAR-LAP-0', ip: '192.168.1.207', os.name: 'Windows 10', os.arch: 'amd64', os.version: '10.0', java.version: '17.0.3'
Driver info: org.openqa.selenium.chrome.ChromeDriver
Capabilities {acceptInsecureCerts: false, browserName: chrome, browserVersion: 105.0.5195.102, chrome: {chromedriverVersion: 105.0.5195.52 (412c95e51883..., userDataDir: C:\Users\coditas\AppData\Lo...}, goog:chromeOptions: {debuggerAddress: localhost:58953}, javascriptEnabled: true, networkConnectionEnabled: false, pageLoadStrategy: normal, platform: WINDOWS, platformName: WINDOWS, proxy: Proxy(), setWindowRect: true, strictFileInteractability: false, timeouts: {implicit: 0, pageLoad: 300000, script: 30000}, unhandledPromptBehavior: dismiss and notify, webauthn:extension:credBlob: true, webauthn:extension:largeBlob: true, webauthn:virtualAuthenticators: true}
Session ID: 4f5e9f970a1ac13fc0e9fc4a867a0158
*** Element info: {Using=xpath, value=//div[@class="driver-details"]}
at java.base/jdk.internal.reflect.NativeConstructorAccessorImpl.newInstance0(Native Method)
at java.base/jdk.internal.reflect.NativeConstructorAccessorImpl.newInstance(NativeConstructorAccessorImpl.java:77)
at java.base/jdk.internal.reflect.DelegatingConstructorAccessorImpl.newInstance(DelegatingConstructorAccessorImpl.java:45)
at java.base/java.lang.reflect.Constructor.newInstanceWithCaller(Constructor.java:499)
at java.base/java.lang.reflect.Constructor.newInstance(Constructor.java:480)
at org.openqa.selenium.remote.http.W3CHttpResponseCodec.createException(W3CHttpResponseCodec.java:187)
at org.openqa.selenium.remote.http.W3CHttpResponseCodec.decode(W3CHttpResponseCodec.java:122)
at org.openqa.selenium.remote.http.W3CHttpResponseCodec.decode(W3CHttpResponseCodec.java:49)
at org.openqa.selenium.remote.HttpCommandExecutor.execute(HttpCommandExecutor.java:158)
at org.openqa.selenium.remote.service.DriverCommandExecutor.execute(DriverCommandExecutor.java:83)
at org.openqa.selenium.remote.RemoteWebDriver.execute(RemoteWebDriver.java:552)
at org.openqa.selenium.remote.RemoteWebDriver.findElement(RemoteWebDriver.java:323)
at org.openqa.selenium.remote.RemoteWebDriver.findElementByXPath(RemoteWebDriver.java:428)
at org.openqa.selenium.By$ByXPath.findElement(By.java:353)
at org.openqa.selenium.remote.RemoteWebDriver.findElement(RemoteWebDriver.java:315)
at org.openqa.selenium.support.ui.ExpectedConditions$7.apply(ExpectedConditions.java:205)
at org.openqa.selenium.support.ui.ExpectedConditions$7.apply(ExpectedConditions.java:201)
at org.openqa.selenium.support.ui.FluentWait.until(FluentWait.java:249)
... 30 more
]]>
            </full-stacktrace>
          </exception> <!-- org.openqa.selenium.TimeoutException -->
          <reporter-output>
          </reporter-output>
        </test-method> <!-- validUserNameandPassword -->
        <test-method is-config="true" signature="closeBrowser()[pri:0, instance:project.testscenarios.LoginScript@27406a17]" started-at="2022-09-14T15:54:42 IST" name="closeBrowser" finished-at="2022-09-14T15:54:48 IST" duration-ms="5231" status="PASS">
          <reporter-output>
          </reporter-output>
        </test-method> <!-- closeBrowser -->
      </class> <!-- project.testscenarios.LoginScript -->
      <class name="project.testscenarios.DashboardScript">
        <test-method signature="navigatingTrucksPage()[pri:4, instance:project.testscenarios.DashboardScript@117159c0]" started-at="2022-09-14T15:47:59 IST" name="navigatingTrucksPage" finished-at="2022-09-14T15:48:00 IST" duration-ms="253" status="PASS">
          <reporter-output>
          </reporter-output>
        </test-method> <!-- navigatingTrucksPage -->
      </class> <!-- project.testscenarios.DashboardScript -->
      <class name="project.testscenarios.TruckScript">
        <test-method signature="CreatingNewTruck()[pri:5, instance:project.testscenarios.TruckScript@3b0fe47a]" started-at="2022-09-14T15:48:00 IST" name="CreatingNewTruck" finished-at="2022-09-14T15:48:23 IST" duration-ms="23095" status="PASS">
          <reporter-output>
          </reporter-output>
        </test-method> <!-- CreatingNewTruck -->
        <test-method signature="SearchTruckOnDashboard()[pri:6, instance:project.testscenarios.TruckScript@3b0fe47a]" started-at="2022-09-14T15:48:23 IST" name="SearchTruckOnDashboard" finished-at="2022-09-14T15:48:37 IST" duration-ms="14721" status="PASS">
          <reporter-output>
          </reporter-output>
        </test-method> <!-- SearchTruckOnDashboard -->
        <test-method signature="VerifyTruckOnDashboard()[pri:7, instance:project.testscenarios.TruckScript@3b0fe47a]" started-at="2022-09-14T15:48:37 IST" name="VerifyTruckOnDashboard" finished-at="2022-09-14T15:48:58 IST" duration-ms="20563" status="PASS">
          <reporter-output>
          </reporter-output>
        </test-method> <!-- VerifyTruckOnDashboard -->
        <test-method signature="VerifyTruckOnVehicleDetails()[pri:8, instance:project.testscenarios.TruckScript@3b0fe47a]" started-at="2022-09-14T15:48:58 IST" name="VerifyTruckOnVehicleDetails" finished-at="2022-09-14T15:54:42 IST" duration-ms="344422" status="PASS">
          <reporter-output>
          </reporter-output>
        </test-method> <!-- VerifyTruckOnVehicleDetails -->
      </class> <!-- project.testscenarios.TruckScript -->
    </test> <!-- TruckX Test Automation -->
  </suite> <!-- Test Suite -->
</testng-results>
