<?xml version="1.0" encoding="UTF-8"?>
<!-- Generated by org.testng.reporters.JUnitReportReporter -->
<testsuite hostname="ANagarkar-LAP-0785" failures="0" tests="7" name="project.testscenarios.TestWorkFlow1" time="0.003" errors="1" timestamp="2022-08-24T16:47:34 IST" skipped="5">
  <testcase classname="project.testscenarios.TestWorkFlow1" name="SelectingSource" time="0.001">
    <error message="Cannot invoke &quot;org.openqa.selenium.SearchContext.findElement(org.openqa.selenium.By)&quot; because &quot;this.searchContext&quot; is null" type="java.lang.NullPointerException">
      <![CDATA[java.lang.NullPointerException: Cannot invoke "org.openqa.selenium.SearchContext.findElement(org.openqa.selenium.By)" because "this.searchContext" is null
at org.openqa.selenium.support.pagefactory.DefaultElementLocator.findElement(DefaultElementLocator.java:69)
at org.openqa.selenium.support.pagefactory.internal.LocatingElementHandler.invoke(LocatingElementHandler.java:38)
at jdk.proxy2/jdk.proxy2.$Proxy13.sendKeys(Unknown Source)
at project.webpages.WebPageLogin.selectSource(WebPageLogin.java:41)
at project.testscenarios.TestWorkFlow1.SelectingSource(TestWorkFlow1.java:28)
at java.base/jdk.internal.reflect.NativeMethodAccessorImpl.invoke0(Native Method)
at java.base/jdk.internal.reflect.NativeMethodAccessorImpl.invoke(NativeMethodAccessorImpl.java:77)
at java.base/jdk.internal.reflect.DelegatingMethodAccessorImpl.invoke(DelegatingMethodAccessorImpl.java:43)
at java.base/java.lang.reflect.Method.invoke(Method.java:568)
at org.testng.internal.MethodInvocationHelper.invokeMethod(MethodInvocationHelper.java:133)
at org.testng.internal.TestInvoker.invokeMethod(TestInvoker.java:598)
at org.testng.internal.TestInvoker.invokeTestMethod(TestInvoker.java:173)
at org.testng.internal.MethodRunner.runInSequence(MethodRunner.java:46)
at org.testng.internal.TestInvoker$MethodInvocationAgent.invoke(TestInvoker.java:824)
at org.testng.internal.TestInvoker.invokeTestMethods(TestInvoker.java:146)
at org.testng.internal.TestMethodWorker.invokeTestMethods(TestMethodWorker.java:146)
at org.testng.internal.TestMethodWorker.run(TestMethodWorker.java:128)
at java.base/java.util.ArrayList.forEach(ArrayList.java:1511)
at org.testng.TestRunner.privateRun(TestRunner.java:794)
at org.testng.TestRunner.run(TestRunner.java:596)
at org.testng.SuiteRunner.runTest(SuiteRunner.java:377)
at org.testng.SuiteRunner.runSequentially(SuiteRunner.java:371)
at org.testng.SuiteRunner.privateRun(SuiteRunner.java:332)
at org.testng.SuiteRunner.run(SuiteRunner.java:276)
at org.testng.SuiteRunnerWorker.runSuite(SuiteRunnerWorker.java:53)
at org.testng.SuiteRunnerWorker.run(SuiteRunnerWorker.java:96)
at org.testng.TestNG.runSuitesSequentially(TestNG.java:1212)
at org.testng.TestNG.runSuitesLocally(TestNG.java:1134)
at org.testng.TestNG.runSuites(TestNG.java:1063)
at org.testng.TestNG.run(TestNG.java:1031)
at org.testng.remote.AbstractRemoteTestNG.run(AbstractRemoteTestNG.java:115)
at org.testng.remote.RemoteTestNG.initAndRun(RemoteTestNG.java:251)
at org.testng.remote.RemoteTestNG.main(RemoteTestNG.java:77)
]]>
    </error>
  </testcase> <!-- SelectingSource -->
  <system-out/>
  <testcase classname="project.testscenarios.TestWorkFlow1" name="selectSeats" time="0.000">
    <skipped/>
  </testcase> <!-- selectSeats -->
  <system-out/>
  <testcase classname="project.testscenarios.TestWorkFlow1" name="SelectingDate" time="0.000">
    <skipped/>
  </testcase> <!-- SelectingDate -->
  <system-out/>
  <testcase classname="project.testscenarios.TestWorkFlow1" name="SelectingDestination" time="0.000">
    <skipped/>
  </testcase> <!-- SelectingDestination -->
  <system-out/>
  <testcase classname="project.testscenarios.TestWorkFlow1" name="SearchBuses" time="0.000">
    <skipped/>
  </testcase> <!-- SearchBuses -->
  <system-out/>
  <testcase classname="project.testscenarios.TestWorkFlow1" name="ConfigurationSetup" time="0.002"/>
  <system-out/>
  <testcase classname="project.testscenarios.TestWorkFlow1" name="SelectingBus" time="0.000">
    <skipped/>
  </testcase> <!-- SelectingBus -->
  <system-out/>
</testsuite> <!-- project.testscenarios.TestWorkFlow1 -->
